<?xml version="1.0" encoding="UTF-8"?>
<testng-results ignored="0" total="1" passed="1" failed="0" skipped="0">
  <reporter-output>
  </reporter-output>
  <suite started-at="2023-04-09T06:07:26 WIB" name="All Test Suite" finished-at="2023-04-09T06:07:40 WIB" duration-ms="14604">
    <groups>
      <group name="cucumber">
        <method signature="AbstractTestNGCucumberTests.runScenario(io.cucumber.testng.PickleWrapper,io.cucumber.testng.FeatureWrapper)[pri:0, instance:runners.Run@15aab8c6]" name="runScenario" class="io.cucumber.testng.AbstractTestNGCucumberTests"/>
      </group> <!-- cucumber -->
    </groups>
    <test started-at="2023-04-09T06:07:26 WIB" name="/Users/muhammadriduwan4747/Documents/learn-unit-test/apium-maven" finished-at="2023-04-09T06:07:40 WIB" duration-ms="14604">
      <class name="runners.Run">
        <test-method is-config="true" signature="setUpClass()[pri:0, instance:runners.Run@15aab8c6]" started-at="2023-04-09T06:07:26 WIB" name="setUpClass" finished-at="2023-04-09T06:07:26 WIB" duration-ms="320" status="PASS">
          <reporter-output>
          </reporter-output>
        </test-method> <!-- setUpClass -->
        <test-method signature="runScenario(io.cucumber.testng.PickleWrapper,io.cucumber.testng.FeatureWrapper)[pri:0, instance:runners.Run@15aab8c6]" started-at="2023-04-09T06:07:26 WIB" name="runScenario" description="Runs Cucumber Scenarios" data-provider="scenarios" finished-at="2023-04-09T06:07:40 WIB" duration-ms="14227" status="PASS">
          <params>
            <param index="0">
              <value>
                <![CDATA["User should be able to login with valid credentials"]]>
              </value>
            </param>
            <param index="1">
              <value>
                <![CDATA["Optional[App login]"]]>
              </value>
            </param>
          </params>
          <reporter-output>
          </reporter-output>
        </test-method> <!-- runScenario -->
        <test-method is-config="true" signature="tearDownClass()[pri:0, instance:runners.Run@15aab8c6]" started-at="2023-04-09T06:07:40 WIB" name="tearDownClass" finished-at="2023-04-09T06:07:40 WIB" duration-ms="21" status="PASS">
          <reporter-output>
          </reporter-output>
        </test-method> <!-- tearDownClass -->
      </class> <!-- runners.Run -->
    </test> <!-- /Users/muhammadriduwan4747/Documents/learn-unit-test/apium-maven -->
  </suite> <!-- All Test Suite -->
</testng-results>
