<?xml version="1.0" encoding="UTF-8"?>
<!-- Generated by org.testng.reporters.JUnitXMLReporter -->
<testsuite ignored="0" hostname="Muhammads-MacBook-Pro-2.local" failures="0" tests="1" name="/Users/muhammadriduwan4747/Documents/learn-unit-test/apium-maven" time="14.604" errors="0" timestamp="2023-04-09T06:07:45 WIB">
  <testcase classname="io.cucumber.testng.AbstractTestNGCucumberTests" name="runScenario" time="14.227"/>
</testsuite> <!-- /Users/muhammadriduwan4747/Documents/learn-unit-test/apium-maven -->
